  GUI.cpp
  classes.cpp
c:\users\karolina\desktop\projekt-pk4\kulki\kulki\classes.cpp(112): warning C4018: "<": niezgodność typu ze znakiem/bez znaku
c:\users\karolina\desktop\projekt-pk4\kulki\kulki\functions.h(11): warning C4018: "<": niezgodność typu ze znakiem/bez znaku
  c:\users\karolina\desktop\projekt-pk4\kulki\kulki\classes.cpp(130): note: zobacz odwołanie do funkcji szablon; wystąpienie „void delete_vector<Field*>(std::vector<Field *,std::allocator<_Ty>> &)” jest kompilowane
          with
          [
              _Ty=Field *
          ]
  functions.cpp
  main.cpp
c:\users\karolina\desktop\projekt-pk4\kulki\kulki\main.cpp(118): warning C4018: "<": niezgodność typu ze znakiem/bez znaku
c:\users\karolina\desktop\projekt-pk4\kulki\kulki\main.cpp(128): warning C4018: "<": niezgodność typu ze znakiem/bez znaku
c:\users\karolina\desktop\projekt-pk4\kulki\kulki\main.cpp(132): warning C4018: "<": niezgodność typu ze znakiem/bez znaku
c:\users\karolina\desktop\projekt-pk4\kulki\kulki\main.cpp(140): warning C4018: "<": niezgodność typu ze znakiem/bez znaku
c:\users\karolina\desktop\projekt-pk4\kulki\kulki\main.cpp(154): warning C4018: "<": niezgodność typu ze znakiem/bez znaku
c:\users\karolina\desktop\projekt-pk4\kulki\kulki\main.cpp(165): warning C4018: "<": niezgodność typu ze znakiem/bez znaku
c:\users\karolina\desktop\projekt-pk4\kulki\kulki\functions.h(11): warning C4018: "<": niezgodność typu ze znakiem/bez znaku
  c:\users\karolina\desktop\projekt-pk4\kulki\kulki\main.cpp(200): note: zobacz odwołanie do funkcji szablon; wystąpienie „void delete_vector<Button*>(std::vector<Button *,std::allocator<_Ty>> &)” jest kompilowane
          with
          [
              _Ty=Button *
          ]
  Generowanie kodu...
  Kulki.vcxproj -> C:\Users\Karolina\Desktop\Projekt-PK4\Kulki\Debug\Kulki.exe
